<?xml version="1.0" encoding="UTF-8"?>
<testsuite name="com.project.project.ProjectApplicationTests" tests="1" skipped="0" failures="0" errors="0" timestamp="2023-12-07T18:38:55" hostname="ip-172-31-45-51" time="1.287">
  <properties/>
  <testcase name="contextLoads()" classname="com.project.project.ProjectApplicationTests" time="1.287"/>
  <system-out><![CDATA[18:38:43.394 [Test worker] INFO org.springframework.test.context.support.AnnotationConfigContextLoaderUtils -- Could not detect default configuration classes for test class [com.project.project.ProjectApplicationTests]: ProjectApplicationTests does not declare any static, non-private, non-final, nested classes annotated with @Configuration.
18:38:43.655 [Test worker] INFO org.springframework.boot.test.context.SpringBootTestContextBootstrapper -- Found @SpringBootConfiguration com.project.ProjectApplication for test class com.project.project.ProjectApplicationTests

  .   ____          _            __ _ _
 /\\ / ___'_ __ _ _(_)_ __  __ _ \ \ \ \
( ( )\___ | '_ | '_| | '_ \/ _` | \ \ \ \
 \\/  ___)| |_)| | | | | || (_| |  ) ) ) )
  '  |____| .__|_| |_|_| |_\__, | / / / /
 =========|_|==============|___/=/_/_/_/
 :: Spring Boot ::                (v3.1.5)

2023-12-07T18:38:44.551Z  INFO 9274 --- [    Test worker] c.p.project.ProjectApplicationTests      : Starting ProjectApplicationTests using Java 21.0.1 with PID 9274 (started by ubuntu in /home/ubuntu/back_fin)
2023-12-07T18:38:44.556Z  INFO 9274 --- [    Test worker] c.p.project.ProjectApplicationTests      : No active profile set, falling back to 1 default profile: "default"
2023-12-07T18:38:46.578Z  INFO 9274 --- [    Test worker] .s.d.r.c.RepositoryConfigurationDelegate : Bootstrapping Spring Data JPA repositories in DEFAULT mode.
2023-12-07T18:38:46.724Z  INFO 9274 --- [    Test worker] .s.d.r.c.RepositoryConfigurationDelegate : Finished Spring Data repository scanning in 127 ms. Found 4 JPA repository interfaces.
2023-12-07T18:38:47.817Z  INFO 9274 --- [    Test worker] o.hibernate.jpa.internal.util.LogHelper  : HHH000204: Processing PersistenceUnitInfo [name: default]
2023-12-07T18:38:47.950Z  INFO 9274 --- [    Test worker] org.hibernate.Version                    : HHH000412: Hibernate ORM core version 6.2.13.Final
2023-12-07T18:38:47.956Z  INFO 9274 --- [    Test worker] org.hibernate.cfg.Environment            : HHH000406: Using bytecode reflection optimizer
2023-12-07T18:38:48.716Z  INFO 9274 --- [    Test worker] o.s.o.j.p.SpringPersistenceUnitInfo      : No LoadTimeWeaver setup: ignoring JPA class transformer
2023-12-07T18:38:48.774Z  INFO 9274 --- [    Test worker] com.zaxxer.hikari.HikariDataSource       : HikariPool-1 - Starting...
2023-12-07T18:38:50.093Z  INFO 9274 --- [    Test worker] com.zaxxer.hikari.pool.HikariPool        : HikariPool-1 - Added connection com.mysql.cj.jdbc.ConnectionImpl@2a16d4dc
2023-12-07T18:38:50.097Z  INFO 9274 --- [    Test worker] com.zaxxer.hikari.HikariDataSource       : HikariPool-1 - Start completed.
2023-12-07T18:38:52.754Z  INFO 9274 --- [    Test worker] o.h.e.t.j.p.i.JtaPlatformInitiator       : HHH000489: No JTA platform available (set 'hibernate.transaction.jta.platform' to enable JTA platform integration)
2023-12-07T18:38:52.882Z  INFO 9274 --- [    Test worker] j.LocalContainerEntityManagerFactoryBean : Initialized JPA EntityManagerFactory for persistence unit 'default'
2023-12-07T18:38:54.151Z  WARN 9274 --- [    Test worker] JpaBaseConfiguration$JpaWebConfiguration : spring.jpa.open-in-view is enabled by default. Therefore, database queries may be performed during view rendering. Explicitly configure spring.jpa.open-in-view to disable this warning
2023-12-07T18:38:55.338Z  INFO 9274 --- [    Test worker] c.p.project.ProjectApplicationTests      : Started ProjectApplicationTests in 11.321 seconds (process running for 14.114)
]]></system-out>
  <system-err><![CDATA[WARNING: A Java agent has been loaded dynamically (/home/ubuntu/.gradle/caches/modules-2/files-2.1/net.bytebuddy/byte-buddy-agent/1.14.9/dfb8707031008535048bad2b69735f46d0b6c5e5/byte-buddy-agent-1.14.9.jar)
WARNING: If a serviceability tool is in use, please run with -XX:+EnableDynamicAgentLoading to hide this warning
WARNING: If a serviceability tool is not in use, please run with -Djdk.instrument.traceUsage for more information
WARNING: Dynamic loading of agents will be disallowed by default in a future release
]]></system-err>
</testsuite>
